{"C:\\Users\\gxpai\\Desktop\\AIGames\\NextRealDeal\\eslint.config.js": {"path":"C:\\Users\\gxpai\\Desktop\\AIGames\\NextRealDeal\\eslint.config.js","all":true,"statementMap":{"0":{"start":{"line":1,"column":0},"end":{"line":1,"column":56}},"1":{"start":{"line":2,"column":0},"end":{"line":2,"column":49}},"2":{"start":{"line":3,"column":0},"end":{"line":3,"column":0}},"3":{"start":{"line":4,"column":0},"end":{"line":4,"column":16}},"4":{"start":{"line":5,"column":0},"end":{"line":5,"column":3}},"5":{"start":{"line":6,"column":0},"end":{"line":6,"column":35}},"6":{"start":{"line":7,"column":0},"end":{"line":7,"column":22}},"7":{"start":{"line":8,"column":0},"end":{"line":8,"column":23}},"8":{"start":{"line":9,"column":0},"end":{"line":9,"column":22}},"9":{"start":{"line":10,"column":0},"end":{"line":10,"column":26}},"10":{"start":{"line":11,"column":0},"end":{"line":11,"column":29}},"11":{"start":{"line":12,"column":0},"end":{"line":12,"column":35}},"12":{"start":{"line":13,"column":0},"end":{"line":13,"column":8}},"13":{"start":{"line":14,"column":0},"end":{"line":14,"column":6}},"14":{"start":{"line":15,"column":0},"end":{"line":15,"column":14}},"15":{"start":{"line":16,"column":0},"end":{"line":16,"column":37}},"16":{"start":{"line":17,"column":0},"end":{"line":17,"column":6}},"17":{"start":{"line":18,"column":0},"end":{"line":18,"column":12}},"18":{"start":{"line":19,"column":0},"end":{"line":19,"column":85}},"19":{"start":{"line":20,"column":0},"end":{"line":20,"column":33}},"20":{"start":{"line":21,"column":0},"end":{"line":21,"column":35}},"21":{"start":{"line":22,"column":0},"end":{"line":22,"column":16}},"22":{"start":{"line":23,"column":0},"end":{"line":23,"column":77}},"23":{"start":{"line":24,"column":0},"end":{"line":24,"column":8}},"24":{"start":{"line":25,"column":0},"end":{"line":25,"column":53}},"25":{"start":{"line":26,"column":0},"end":{"line":26,"column":15}},"26":{"start":{"line":27,"column":0},"end":{"line":27,"column":44}},"27":{"start":{"line":28,"column":0},"end":{"line":28,"column":8}},"28":{"start":{"line":29,"column":0},"end":{"line":29,"column":52}},"29":{"start":{"line":30,"column":0},"end":{"line":30,"column":59}},"30":{"start":{"line":31,"column":0},"end":{"line":31,"column":16}},"31":{"start":{"line":32,"column":0},"end":{"line":32,"column":72}},"32":{"start":{"line":33,"column":0},"end":{"line":33,"column":8}},"33":{"start":{"line":34,"column":0},"end":{"line":34,"column":82}},"34":{"start":{"line":35,"column":0},"end":{"line":35,"column":57}},"35":{"start":{"line":36,"column":0},"end":{"line":36,"column":51}},"36":{"start":{"line":37,"column":0},"end":{"line":37,"column":34}},"37":{"start":{"line":38,"column":0},"end":{"line":38,"column":30}},"38":{"start":{"line":39,"column":0},"end":{"line":39,"column":28}},"39":{"start":{"line":40,"column":0},"end":{"line":40,"column":6}},"40":{"start":{"line":41,"column":0},"end":{"line":41,"column":4}},"41":{"start":{"line":42,"column":0},"end":{"line":42,"column":40}},"42":{"start":{"line":43,"column":0},"end":{"line":43,"column":3}},"43":{"start":{"line":44,"column":0},"end":{"line":44,"column":53}},"44":{"start":{"line":45,"column":0},"end":{"line":45,"column":12}},"45":{"start":{"line":46,"column":0},"end":{"line":46,"column":26}},"46":{"start":{"line":47,"column":0},"end":{"line":47,"column":6}},"47":{"start":{"line":48,"column":0},"end":{"line":48,"column":4}},"48":{"start":{"line":49,"column":0},"end":{"line":49,"column":3}},"49":{"start":{"line":50,"column":0},"end":{"line":50,"column":98}},"50":{"start":{"line":51,"column":0},"end":{"line":51,"column":4}},"51":{"start":{"line":52,"column":0},"end":{"line":52,"column":2}}},"s":{"0":0,"1":0,"2":0,"3":0,"4":0,"5":0,"6":0,"7":0,"8":0,"9":0,"10":0,"11":0,"12":0,"13":0,"14":0,"15":0,"16":0,"17":0,"18":0,"19":0,"20":0,"21":0,"22":0,"23":0,"24":0,"25":0,"26":0,"27":0,"28":0,"29":0,"30":0,"31":0,"32":0,"33":0,"34":0,"35":0,"36":0,"37":0,"38":0,"39":0,"40":0,"41":0,"42":0,"43":0,"44":0,"45":0,"46":0,"47":0,"48":0,"49":0,"50":0,"51":0},"branchMap":{"0":{"type":"branch","line":1,"loc":{"start":{"line":1,"column":0},"end":{"line":52,"column":-190}},"locations":[{"start":{"line":1,"column":0},"end":{"line":52,"column":-190}}]}},"b":{"0":[0]},"fnMap":{"0":{"name":"(empty-report)","decl":{"start":{"line":1,"column":0},"end":{"line":52,"column":-190}},"loc":{"start":{"line":1,"column":0},"end":{"line":52,"column":-190}},"line":1}},"f":{"0":0}}
,"C:\\Users\\gxpai\\Desktop\\AIGames\\NextRealDeal\\src\\core\\SystemTemplate.ts": {"path":"C:\\Users\\gxpai\\Desktop\\AIGames\\NextRealDeal\\src\\core\\SystemTemplate.ts","all":false,"statementMap":{"24":{"start":{"line":25,"column":0},"end":{"line":25,"column":57}},"25":{"start":{"line":26,"column":0},"end":{"line":26,"column":31}},"26":{"start":{"line":27,"column":0},"end":{"line":27,"column":29}},"27":{"start":{"line":28,"column":0},"end":{"line":28,"column":30}},"28":{"start":{"line":29,"column":0},"end":{"line":29,"column":27}},"30":{"start":{"line":31,"column":0},"end":{"line":31,"column":37}},"31":{"start":{"line":32,"column":0},"end":{"line":32,"column":28}},"32":{"start":{"line":33,"column":0},"end":{"line":33,"column":42}},"33":{"start":{"line":34,"column":0},"end":{"line":34,"column":3}},"35":{"start":{"line":36,"column":0},"end":{"line":36,"column":59}},"36":{"start":{"line":37,"column":0},"end":{"line":37,"column":24}},"37":{"start":{"line":38,"column":0},"end":{"line":38,"column":85}},"38":{"start":{"line":39,"column":0},"end":{"line":39,"column":5}},"39":{"start":{"line":40,"column":0},"end":{"line":40,"column":27}},"40":{"start":{"line":41,"column":0},"end":{"line":41,"column":88}},"41":{"start":{"line":42,"column":0},"end":{"line":42,"column":5}},"43":{"start":{"line":44,"column":0},"end":{"line":44,"column":9}},"44":{"start":{"line":45,"column":0},"end":{"line":45,"column":32}},"45":{"start":{"line":46,"column":0},"end":{"line":46,"column":30}},"46":{"start":{"line":47,"column":0},"end":{"line":47,"column":44}},"47":{"start":{"line":48,"column":0},"end":{"line":48,"column":19}},"48":{"start":{"line":49,"column":0},"end":{"line":49,"column":15}},"49":{"start":{"line":50,"column":0},"end":{"line":50,"column":19}},"50":{"start":{"line":51,"column":0},"end":{"line":51,"column":67}},"51":{"start":{"line":52,"column":0},"end":{"line":52,"column":8}},"52":{"start":{"line":53,"column":0},"end":{"line":53,"column":5}},"53":{"start":{"line":54,"column":0},"end":{"line":54,"column":3}},"55":{"start":{"line":56,"column":0},"end":{"line":56,"column":72}},"56":{"start":{"line":57,"column":0},"end":{"line":57,"column":24}},"57":{"start":{"line":58,"column":0},"end":{"line":58,"column":77}},"58":{"start":{"line":59,"column":0},"end":{"line":59,"column":5}},"59":{"start":{"line":60,"column":0},"end":{"line":60,"column":28}},"60":{"start":{"line":61,"column":0},"end":{"line":61,"column":84}},"61":{"start":{"line":62,"column":0},"end":{"line":62,"column":5}},"62":{"start":{"line":63,"column":0},"end":{"line":63,"column":24}},"63":{"start":{"line":64,"column":0},"end":{"line":64,"column":44}},"64":{"start":{"line":65,"column":0},"end":{"line":65,"column":5}},"66":{"start":{"line":67,"column":0},"end":{"line":67,"column":9}},"67":{"start":{"line":68,"column":0},"end":{"line":68,"column":37}},"68":{"start":{"line":69,"column":0},"end":{"line":69,"column":44}},"69":{"start":{"line":70,"column":0},"end":{"line":70,"column":19}},"70":{"start":{"line":71,"column":0},"end":{"line":71,"column":15}},"71":{"start":{"line":72,"column":0},"end":{"line":72,"column":19}},"72":{"start":{"line":73,"column":0},"end":{"line":73,"column":67}},"73":{"start":{"line":74,"column":0},"end":{"line":74,"column":8}},"74":{"start":{"line":75,"column":0},"end":{"line":75,"column":5}},"75":{"start":{"line":76,"column":0},"end":{"line":76,"column":3}},"77":{"start":{"line":78,"column":0},"end":{"line":78,"column":54}},"78":{"start":{"line":79,"column":0},"end":{"line":79,"column":24}},"79":{"start":{"line":80,"column":0},"end":{"line":80,"column":77}},"80":{"start":{"line":81,"column":0},"end":{"line":81,"column":5}},"82":{"start":{"line":83,"column":0},"end":{"line":83,"column":9}},"83":{"start":{"line":84,"column":0},"end":{"line":84,"column":27}},"84":{"start":{"line":85,"column":0},"end":{"line":85,"column":44}},"85":{"start":{"line":86,"column":0},"end":{"line":86,"column":19}},"86":{"start":{"line":87,"column":0},"end":{"line":87,"column":15}},"87":{"start":{"line":88,"column":0},"end":{"line":88,"column":19}},"88":{"start":{"line":89,"column":0},"end":{"line":89,"column":67}},"89":{"start":{"line":90,"column":0},"end":{"line":90,"column":8}},"90":{"start":{"line":91,"column":0},"end":{"line":91,"column":5}},"91":{"start":{"line":92,"column":0},"end":{"line":92,"column":3}},"93":{"start":{"line":94,"column":0},"end":{"line":94,"column":41}},"94":{"start":{"line":95,"column":0},"end":{"line":95,"column":30}},"95":{"start":{"line":96,"column":0},"end":{"line":96,"column":25}},"96":{"start":{"line":97,"column":0},"end":{"line":97,"column":29}},"97":{"start":{"line":98,"column":0},"end":{"line":98,"column":27}},"98":{"start":{"line":99,"column":0},"end":{"line":99,"column":3}},"105":{"start":{"line":106,"column":0},"end":{"line":106,"column":1}}},"s":{"24":1,"25":1,"26":10,"27":10,"28":10,"30":1,"31":10,"32":10,"33":10,"35":1,"36":10,"37":0,"38":0,"39":10,"40":0,"41":0,"43":10,"44":10,"45":10,"46":10,"47":10,"48":0,"49":0,"50":0,"51":0,"52":0,"53":10,"55":1,"56":1,"57":0,"58":0,"59":1,"60":0,"61":0,"62":1,"63":0,"64":0,"66":1,"67":1,"68":1,"69":1,"70":0,"71":0,"72":0,"73":0,"74":0,"75":1,"77":1,"78":1,"79":0,"80":0,"82":1,"83":1,"84":1,"85":1,"86":0,"87":0,"88":0,"89":0,"90":0,"91":1,"93":1,"94":11,"95":10,"96":10,"97":10,"98":11,"105":1},"branchMap":{"0":{"type":"branch","line":26,"loc":{"start":{"line":26,"column":18},"end":{"line":29,"column":27}},"locations":[{"start":{"line":26,"column":18},"end":{"line":29,"column":27}}]},"1":{"type":"branch","line":31,"loc":{"start":{"line":31,"column":2},"end":{"line":34,"column":3}},"locations":[{"start":{"line":31,"column":2},"end":{"line":34,"column":3}}]},"2":{"type":"branch","line":36,"loc":{"start":{"line":36,"column":2},"end":{"line":54,"column":3}},"locations":[{"start":{"line":36,"column":2},"end":{"line":54,"column":3}}]},"3":{"type":"branch","line":37,"loc":{"start":{"line":37,"column":23},"end":{"line":39,"column":5}},"locations":[{"start":{"line":37,"column":23},"end":{"line":39,"column":5}}]},"4":{"type":"branch","line":40,"loc":{"start":{"line":40,"column":26},"end":{"line":42,"column":5}},"locations":[{"start":{"line":40,"column":26},"end":{"line":42,"column":5}}]},"5":{"type":"branch","line":48,"loc":{"start":{"line":48,"column":4},"end":{"line":53,"column":5}},"locations":[{"start":{"line":48,"column":4},"end":{"line":53,"column":5}}]},"6":{"type":"branch","line":56,"loc":{"start":{"line":56,"column":2},"end":{"line":76,"column":3}},"locations":[{"start":{"line":56,"column":2},"end":{"line":76,"column":3}}]},"7":{"type":"branch","line":57,"loc":{"start":{"line":57,"column":23},"end":{"line":59,"column":5}},"locations":[{"start":{"line":57,"column":23},"end":{"line":59,"column":5}}]},"8":{"type":"branch","line":60,"loc":{"start":{"line":60,"column":27},"end":{"line":62,"column":5}},"locations":[{"start":{"line":60,"column":27},"end":{"line":62,"column":5}}]},"9":{"type":"branch","line":63,"loc":{"start":{"line":63,"column":23},"end":{"line":65,"column":5}},"locations":[{"start":{"line":63,"column":23},"end":{"line":65,"column":5}}]},"10":{"type":"branch","line":70,"loc":{"start":{"line":70,"column":4},"end":{"line":75,"column":5}},"locations":[{"start":{"line":70,"column":4},"end":{"line":75,"column":5}}]},"11":{"type":"branch","line":78,"loc":{"start":{"line":78,"column":2},"end":{"line":92,"column":3}},"locations":[{"start":{"line":78,"column":2},"end":{"line":92,"column":3}}]},"12":{"type":"branch","line":79,"loc":{"start":{"line":79,"column":23},"end":{"line":81,"column":5}},"locations":[{"start":{"line":79,"column":23},"end":{"line":81,"column":5}}]},"13":{"type":"branch","line":86,"loc":{"start":{"line":86,"column":4},"end":{"line":91,"column":5}},"locations":[{"start":{"line":86,"column":4},"end":{"line":91,"column":5}}]},"14":{"type":"branch","line":94,"loc":{"start":{"line":94,"column":2},"end":{"line":99,"column":3}},"locations":[{"start":{"line":94,"column":2},"end":{"line":99,"column":3}}]},"15":{"type":"branch","line":95,"loc":{"start":{"line":95,"column":23},"end":{"line":95,"column":30}},"locations":[{"start":{"line":95,"column":23},"end":{"line":95,"column":30}}]},"16":{"type":"branch","line":95,"loc":{"start":{"line":95,"column":23},"end":{"line":98,"column":27}},"locations":[{"start":{"line":95,"column":23},"end":{"line":98,"column":27}}]}},"b":{"0":[10],"1":[10],"2":[10],"3":[0],"4":[0],"5":[0],"6":[1],"7":[0],"8":[0],"9":[0],"10":[0],"11":[1],"12":[0],"13":[0],"14":[11],"15":[1],"16":[10]},"fnMap":{"0":{"name":"<instance_members_initializer>","decl":{"start":{"line":26,"column":18},"end":{"line":29,"column":27}},"loc":{"start":{"line":26,"column":18},"end":{"line":29,"column":27}},"line":26},"1":{"name":"SystemTemplate","decl":{"start":{"line":31,"column":2},"end":{"line":34,"column":3}},"loc":{"start":{"line":31,"column":2},"end":{"line":34,"column":3}},"line":31},"2":{"name":"initialize","decl":{"start":{"line":36,"column":2},"end":{"line":54,"column":3}},"loc":{"start":{"line":36,"column":2},"end":{"line":54,"column":3}},"line":36},"3":{"name":"update","decl":{"start":{"line":56,"column":2},"end":{"line":76,"column":3}},"loc":{"start":{"line":56,"column":2},"end":{"line":76,"column":3}},"line":56},"4":{"name":"reset","decl":{"start":{"line":78,"column":2},"end":{"line":92,"column":3}},"loc":{"start":{"line":78,"column":2},"end":{"line":92,"column":3}},"line":78},"5":{"name":"dispose","decl":{"start":{"line":94,"column":2},"end":{"line":99,"column":3}},"loc":{"start":{"line":94,"column":2},"end":{"line":99,"column":3}},"line":94}},"f":{"0":10,"1":10,"2":10,"3":1,"4":1,"5":11}}
,"C:\\Users\\gxpai\\Desktop\\AIGames\\NextRealDeal\\src\\map\\MapManager.ts": {"path":"C:\\Users\\gxpai\\Desktop\\AIGames\\NextRealDeal\\src\\map\\MapManager.ts","all":false,"statementMap":{"0":{"start":{"line":1,"column":0},"end":{"line":1,"column":2}},"43":{"start":{"line":44,"column":0},"end":{"line":44,"column":71}},"44":{"start":{"line":45,"column":0},"end":{"line":45,"column":29}},"45":{"start":{"line":46,"column":0},"end":{"line":46,"column":35}},"46":{"start":{"line":47,"column":0},"end":{"line":47,"column":38}},"47":{"start":{"line":48,"column":0},"end":{"line":48,"column":40}},"48":{"start":{"line":49,"column":0},"end":{"line":49,"column":41}},"50":{"start":{"line":51,"column":0},"end":{"line":51,"column":44}},"52":{"start":{"line":53,"column":0},"end":{"line":53,"column":14}},"53":{"start":{"line":54,"column":0},"end":{"line":54,"column":29}},"54":{"start":{"line":55,"column":0},"end":{"line":55,"column":14}},"55":{"start":{"line":56,"column":0},"end":{"line":56,"column":20}},"56":{"start":{"line":57,"column":0},"end":{"line":57,"column":22}},"57":{"start":{"line":58,"column":0},"end":{"line":58,"column":5}},"58":{"start":{"line":59,"column":0},"end":{"line":59,"column":18}},"59":{"start":{"line":60,"column":0},"end":{"line":60,"column":31}},"60":{"start":{"line":61,"column":0},"end":{"line":61,"column":50}},"61":{"start":{"line":62,"column":0},"end":{"line":62,"column":23}},"62":{"start":{"line":63,"column":0},"end":{"line":63,"column":50}},"63":{"start":{"line":64,"column":0},"end":{"line":64,"column":52}},"64":{"start":{"line":65,"column":0},"end":{"line":65,"column":3}},"74":{"start":{"line":75,"column":0},"end":{"line":75,"column":24}},"75":{"start":{"line":76,"column":0},"end":{"line":76,"column":25}},"76":{"start":{"line":77,"column":0},"end":{"line":77,"column":24}},"77":{"start":{"line":78,"column":0},"end":{"line":78,"column":39}},"78":{"start":{"line":79,"column":0},"end":{"line":79,"column":43}},"79":{"start":{"line":80,"column":0},"end":{"line":80,"column":28}},"80":{"start":{"line":81,"column":0},"end":{"line":81,"column":45}},"81":{"start":{"line":82,"column":0},"end":{"line":82,"column":7}},"83":{"start":{"line":84,"column":0},"end":{"line":84,"column":42}},"84":{"start":{"line":85,"column":0},"end":{"line":85,"column":28}},"85":{"start":{"line":86,"column":0},"end":{"line":86,"column":30}},"86":{"start":{"line":87,"column":0},"end":{"line":87,"column":45}},"87":{"start":{"line":88,"column":0},"end":{"line":88,"column":9}},"95":{"start":{"line":96,"column":0},"end":{"line":96,"column":36}},"96":{"start":{"line":97,"column":0},"end":{"line":97,"column":7}},"97":{"start":{"line":98,"column":0},"end":{"line":98,"column":3}},"102":{"start":{"line":103,"column":0},"end":{"line":103,"column":77}},"103":{"start":{"line":104,"column":0},"end":{"line":104,"column":64}},"104":{"start":{"line":105,"column":0},"end":{"line":105,"column":23}},"105":{"start":{"line":106,"column":0},"end":{"line":106,"column":5}},"106":{"start":{"line":107,"column":0},"end":{"line":107,"column":37}},"107":{"start":{"line":108,"column":0},"end":{"line":108,"column":41}},"108":{"start":{"line":109,"column":0},"end":{"line":109,"column":3}},"113":{"start":{"line":114,"column":0},"end":{"line":114,"column":80}},"114":{"start":{"line":115,"column":0},"end":{"line":115,"column":64}},"115":{"start":{"line":116,"column":0},"end":{"line":116,"column":61}},"116":{"start":{"line":117,"column":0},"end":{"line":117,"column":5}},"118":{"start":{"line":119,"column":0},"end":{"line":119,"column":48}},"119":{"start":{"line":120,"column":0},"end":{"line":120,"column":37}},"120":{"start":{"line":121,"column":0},"end":{"line":121,"column":27}},"122":{"start":{"line":123,"column":0},"end":{"line":123,"column":40}},"123":{"start":{"line":124,"column":0},"end":{"line":124,"column":3}},"130":{"start":{"line":131,"column":0},"end":{"line":131,"column":46}},"131":{"start":{"line":132,"column":0},"end":{"line":132,"column":12}},"132":{"start":{"line":133,"column":0},"end":{"line":133,"column":32}},"133":{"start":{"line":134,"column":0},"end":{"line":134,"column":31}},"134":{"start":{"line":135,"column":0},"end":{"line":135,"column":32}},"135":{"start":{"line":136,"column":0},"end":{"line":136,"column":28}},"137":{"start":{"line":138,"column":0},"end":{"line":138,"column":3}},"142":{"start":{"line":143,"column":0},"end":{"line":143,"column":47}},"144":{"start":{"line":145,"column":0},"end":{"line":145,"column":17}},"145":{"start":{"line":146,"column":0},"end":{"line":146,"column":3}},"150":{"start":{"line":151,"column":0},"end":{"line":151,"column":43}},"151":{"start":{"line":152,"column":0},"end":{"line":152,"column":26}},"152":{"start":{"line":153,"column":0},"end":{"line":153,"column":24}},"153":{"start":{"line":154,"column":0},"end":{"line":154,"column":26}},"154":{"start":{"line":155,"column":0},"end":{"line":155,"column":36}},"155":{"start":{"line":156,"column":0},"end":{"line":156,"column":24}},"156":{"start":{"line":157,"column":0},"end":{"line":157,"column":34}},"157":{"start":{"line":158,"column":0},"end":{"line":158,"column":24}},"158":{"start":{"line":159,"column":0},"end":{"line":159,"column":22}},"159":{"start":{"line":160,"column":0},"end":{"line":160,"column":22}},"160":{"start":{"line":161,"column":0},"end":{"line":161,"column":32}},"161":{"start":{"line":162,"column":0},"end":{"line":162,"column":6}},"162":{"start":{"line":163,"column":0},"end":{"line":163,"column":40}},"163":{"start":{"line":164,"column":0},"end":{"line":164,"column":3}},"168":{"start":{"line":169,"column":0},"end":{"line":169,"column":61}},"169":{"start":{"line":170,"column":0},"end":{"line":170,"column":9}},"170":{"start":{"line":171,"column":0},"end":{"line":171,"column":42}},"182":{"start":{"line":183,"column":0},"end":{"line":183,"column":29}},"183":{"start":{"line":184,"column":0},"end":{"line":184,"column":28}},"184":{"start":{"line":185,"column":0},"end":{"line":185,"column":30}},"185":{"start":{"line":186,"column":0},"end":{"line":186,"column":44}},"186":{"start":{"line":187,"column":0},"end":{"line":187,"column":28}},"187":{"start":{"line":188,"column":0},"end":{"line":188,"column":38}},"188":{"start":{"line":189,"column":0},"end":{"line":189,"column":28}},"189":{"start":{"line":190,"column":0},"end":{"line":190,"column":26}},"190":{"start":{"line":191,"column":0},"end":{"line":191,"column":26}},"191":{"start":{"line":192,"column":0},"end":{"line":192,"column":36}},"192":{"start":{"line":193,"column":0},"end":{"line":193,"column":8}},"195":{"start":{"line":196,"column":0},"end":{"line":196,"column":22}},"196":{"start":{"line":197,"column":0},"end":{"line":197,"column":19}},"197":{"start":{"line":198,"column":0},"end":{"line":198,"column":62}},"198":{"start":{"line":199,"column":0},"end":{"line":199,"column":5}},"199":{"start":{"line":200,"column":0},"end":{"line":200,"column":3}},"205":{"start":{"line":206,"column":0},"end":{"line":206,"column":49}},"206":{"start":{"line":207,"column":0},"end":{"line":207,"column":48}},"208":{"start":{"line":209,"column":0},"end":{"line":209,"column":3}},"210":{"start":{"line":211,"column":0},"end":{"line":211,"column":63}},"212":{"start":{"line":213,"column":0},"end":{"line":213,"column":3}},"214":{"start":{"line":215,"column":0},"end":{"line":215,"column":44}},"215":{"start":{"line":216,"column":0},"end":{"line":216,"column":45}},"216":{"start":{"line":217,"column":0},"end":{"line":217,"column":27}},"217":{"start":{"line":218,"column":0},"end":{"line":218,"column":3}},"219":{"start":{"line":220,"column":0},"end":{"line":220,"column":46}},"220":{"start":{"line":221,"column":0},"end":{"line":221,"column":45}},"221":{"start":{"line":222,"column":0},"end":{"line":222,"column":27}},"222":{"start":{"line":223,"column":0},"end":{"line":223,"column":3}},"231":{"start":{"line":232,"column":0},"end":{"line":232,"column":42}},"232":{"start":{"line":233,"column":0},"end":{"line":233,"column":27}},"233":{"start":{"line":234,"column":0},"end":{"line":234,"column":3}},"246":{"start":{"line":247,"column":0},"end":{"line":247,"column":1}}},"s":{"0":1,"43":1,"44":1,"45":10,"46":10,"47":10,"48":10,"50":10,"52":1,"53":10,"54":10,"55":10,"56":10,"57":10,"58":10,"59":10,"60":10,"61":10,"62":10,"63":10,"64":10,"74":1,"75":0,"76":0,"77":0,"78":0,"79":0,"80":0,"81":0,"83":0,"84":0,"85":0,"86":0,"87":0,"95":0,"96":0,"97":0,"102":1,"103":4,"104":4,"105":4,"106":0,"107":0,"108":4,"113":1,"114":2,"115":2,"116":2,"118":0,"119":0,"120":0,"122":0,"123":2,"130":1,"131":6,"132":6,"133":5,"134":4,"135":3,"137":6,"142":1,"144":0,"145":0,"150":1,"151":1,"152":1,"153":1,"154":1,"155":1,"156":1,"157":1,"158":1,"159":1,"160":1,"161":1,"162":1,"163":1,"168":1,"169":2,"170":2,"182":2,"183":2,"184":2,"185":2,"186":2,"187":2,"188":2,"189":2,"190":2,"191":2,"192":2,"195":2,"196":2,"197":1,"198":1,"199":2,"205":1,"206":10,"208":10,"210":1,"212":1,"214":1,"215":1,"216":1,"217":1,"219":1,"220":10,"221":10,"222":10,"231":1,"232":0,"233":0,"246":1},"branchMap":{"0":{"type":"branch","line":45,"loc":{"start":{"line":45,"column":19},"end":{"line":51,"column":44}},"locations":[{"start":{"line":45,"column":19},"end":{"line":51,"column":44}}]},"1":{"type":"branch","line":53,"loc":{"start":{"line":53,"column":2},"end":{"line":65,"column":3}},"locations":[{"start":{"line":53,"column":2},"end":{"line":65,"column":3}}]},"2":{"type":"branch","line":63,"loc":{"start":{"line":63,"column":31},"end":{"line":63,"column":50}},"locations":[{"start":{"line":63,"column":31},"end":{"line":63,"column":50}}]},"3":{"type":"branch","line":64,"loc":{"start":{"line":64,"column":32},"end":{"line":64,"column":52}},"locations":[{"start":{"line":64,"column":32},"end":{"line":64,"column":52}}]},"4":{"type":"branch","line":103,"loc":{"start":{"line":103,"column":9},"end":{"line":109,"column":3}},"locations":[{"start":{"line":103,"column":9},"end":{"line":109,"column":3}}]},"5":{"type":"branch","line":104,"loc":{"start":{"line":104,"column":12},"end":{"line":104,"column":36}},"locations":[{"start":{"line":104,"column":12},"end":{"line":104,"column":36}}]},"6":{"type":"branch","line":104,"loc":{"start":{"line":104,"column":27},"end":{"line":104,"column":45}},"locations":[{"start":{"line":104,"column":27},"end":{"line":104,"column":45}}]},"7":{"type":"branch","line":104,"loc":{"start":{"line":104,"column":40},"end":{"line":104,"column":63}},"locations":[{"start":{"line":104,"column":40},"end":{"line":104,"column":63}}]},"8":{"type":"branch","line":106,"loc":{"start":{"line":106,"column":4},"end":{"line":108,"column":41}},"locations":[{"start":{"line":106,"column":4},"end":{"line":108,"column":41}}]},"9":{"type":"branch","line":114,"loc":{"start":{"line":114,"column":9},"end":{"line":124,"column":3}},"locations":[{"start":{"line":114,"column":9},"end":{"line":124,"column":3}}]},"10":{"type":"branch","line":115,"loc":{"start":{"line":115,"column":12},"end":{"line":115,"column":36}},"locations":[{"start":{"line":115,"column":12},"end":{"line":115,"column":36}}]},"11":{"type":"branch","line":115,"loc":{"start":{"line":115,"column":27},"end":{"line":115,"column":45}},"locations":[{"start":{"line":115,"column":27},"end":{"line":115,"column":45}}]},"12":{"type":"branch","line":115,"loc":{"start":{"line":115,"column":40},"end":{"line":115,"column":63}},"locations":[{"start":{"line":115,"column":40},"end":{"line":115,"column":63}}]},"13":{"type":"branch","line":117,"loc":{"start":{"line":117,"column":4},"end":{"line":123,"column":40}},"locations":[{"start":{"line":117,"column":4},"end":{"line":123,"column":40}}]},"14":{"type":"branch","line":131,"loc":{"start":{"line":131,"column":9},"end":{"line":138,"column":3}},"locations":[{"start":{"line":131,"column":9},"end":{"line":138,"column":3}}]},"15":{"type":"branch","line":133,"loc":{"start":{"line":133,"column":24},"end":{"line":134,"column":31}},"locations":[{"start":{"line":133,"column":24},"end":{"line":134,"column":31}}]},"16":{"type":"branch","line":134,"loc":{"start":{"line":134,"column":24},"end":{"line":135,"column":32}},"locations":[{"start":{"line":134,"column":24},"end":{"line":135,"column":32}}]},"17":{"type":"branch","line":135,"loc":{"start":{"line":135,"column":24},"end":{"line":136,"column":28}},"locations":[{"start":{"line":135,"column":24},"end":{"line":136,"column":28}}]},"18":{"type":"branch","line":151,"loc":{"start":{"line":151,"column":9},"end":{"line":164,"column":3}},"locations":[{"start":{"line":151,"column":9},"end":{"line":164,"column":3}}]},"19":{"type":"branch","line":169,"loc":{"start":{"line":169,"column":9},"end":{"line":200,"column":3}},"locations":[{"start":{"line":169,"column":9},"end":{"line":200,"column":3}}]},"20":{"type":"branch","line":197,"loc":{"start":{"line":197,"column":4},"end":{"line":199,"column":5}},"locations":[{"start":{"line":197,"column":4},"end":{"line":199,"column":5}}]},"21":{"type":"branch","line":206,"loc":{"start":{"line":206,"column":2},"end":{"line":209,"column":3}},"locations":[{"start":{"line":206,"column":2},"end":{"line":209,"column":3}}]},"22":{"type":"branch","line":211,"loc":{"start":{"line":211,"column":2},"end":{"line":213,"column":3}},"locations":[{"start":{"line":211,"column":2},"end":{"line":213,"column":3}}]},"23":{"type":"branch","line":215,"loc":{"start":{"line":215,"column":2},"end":{"line":218,"column":3}},"locations":[{"start":{"line":215,"column":2},"end":{"line":218,"column":3}}]},"24":{"type":"branch","line":220,"loc":{"start":{"line":220,"column":2},"end":{"line":223,"column":3}},"locations":[{"start":{"line":220,"column":2},"end":{"line":223,"column":3}}]}},"b":{"0":[10],"1":[10],"2":[1],"3":[1],"4":[4],"5":[3],"6":[2],"7":[1],"8":[0],"9":[2],"10":[1],"11":[0],"12":[0],"13":[0],"14":[6],"15":[5],"16":[4],"17":[3],"18":[1],"19":[2],"20":[1],"21":[10],"22":[1],"23":[1],"24":[10]},"fnMap":{"0":{"name":"<instance_members_initializer>","decl":{"start":{"line":45,"column":19},"end":{"line":51,"column":44}},"loc":{"start":{"line":45,"column":19},"end":{"line":51,"column":44}},"line":45},"1":{"name":"MapManager","decl":{"start":{"line":53,"column":2},"end":{"line":65,"column":3}},"loc":{"start":{"line":53,"column":2},"end":{"line":65,"column":3}},"line":53},"2":{"name":"generate","decl":{"start":{"line":75,"column":2},"end":{"line":98,"column":3}},"loc":{"start":{"line":75,"column":2},"end":{"line":98,"column":3}},"line":75},"3":{"name":"getTile","decl":{"start":{"line":103,"column":9},"end":{"line":109,"column":3}},"loc":{"start":{"line":103,"column":9},"end":{"line":109,"column":3}},"line":103},"4":{"name":"setTile","decl":{"start":{"line":114,"column":9},"end":{"line":124,"column":3}},"loc":{"start":{"line":114,"column":9},"end":{"line":124,"column":3}},"line":114},"5":{"name":"isWalkable","decl":{"start":{"line":131,"column":9},"end":{"line":138,"column":3}},"loc":{"start":{"line":131,"column":9},"end":{"line":138,"column":3}},"line":131},"6":{"name":"isConnected","decl":{"start":{"line":143,"column":9},"end":{"line":146,"column":3}},"loc":{"start":{"line":143,"column":9},"end":{"line":146,"column":3}},"line":143},"7":{"name":"serialize","decl":{"start":{"line":151,"column":9},"end":{"line":164,"column":3}},"loc":{"start":{"line":151,"column":9},"end":{"line":164,"column":3}},"line":151},"8":{"name":"deserialize","decl":{"start":{"line":169,"column":9},"end":{"line":200,"column":3}},"loc":{"start":{"line":169,"column":9},"end":{"line":200,"column":3}},"line":169},"9":{"name":"onInitialize","decl":{"start":{"line":206,"column":2},"end":{"line":209,"column":3}},"loc":{"start":{"line":206,"column":2},"end":{"line":209,"column":3}},"line":206},"10":{"name":"onUpdate","decl":{"start":{"line":211,"column":2},"end":{"line":213,"column":3}},"loc":{"start":{"line":211,"column":2},"end":{"line":213,"column":3}},"line":211},"11":{"name":"onReset","decl":{"start":{"line":215,"column":2},"end":{"line":218,"column":3}},"loc":{"start":{"line":215,"column":2},"end":{"line":218,"column":3}},"line":215},"12":{"name":"onDispose","decl":{"start":{"line":220,"column":2},"end":{"line":223,"column":3}},"loc":{"start":{"line":220,"column":2},"end":{"line":223,"column":3}},"line":220},"13":{"name":"getCurrentMap","decl":{"start":{"line":232,"column":9},"end":{"line":234,"column":3}},"loc":{"start":{"line":232,"column":9},"end":{"line":234,"column":3}},"line":232}},"f":{"0":10,"1":10,"2":0,"3":4,"4":2,"5":6,"6":0,"7":1,"8":2,"9":10,"10":1,"11":1,"12":10,"13":0}}
,"C:\\Users\\gxpai\\Desktop\\AIGames\\NextRealDeal\\src\\map\\MapValidator.ts": {"path":"C:\\Users\\gxpai\\Desktop\\AIGames\\NextRealDeal\\src\\map\\MapValidator.ts","all":true,"statementMap":{"0":{"start":{"line":1,"column":0},"end":{"line":1,"column":2}},"10":{"start":{"line":11,"column":0},"end":{"line":11,"column":40}},"11":{"start":{"line":12,"column":0},"end":{"line":12,"column":16}},"12":{"start":{"line":13,"column":0},"end":{"line":13,"column":16}},"13":{"start":{"line":14,"column":0},"end":{"line":14,"column":3}},"18":{"start":{"line":19,"column":0},"end":{"line":19,"column":36}},"19":{"start":{"line":20,"column":0},"end":{"line":20,"column":37}},"20":{"start":{"line":21,"column":0},"end":{"line":21,"column":37}},"21":{"start":{"line":22,"column":0},"end":{"line":22,"column":56}},"22":{"start":{"line":23,"column":0},"end":{"line":23,"column":57}},"23":{"start":{"line":24,"column":0},"end":{"line":24,"column":3}},"28":{"start":{"line":29,"column":0},"end":{"line":29,"column":41}},"29":{"start":{"line":30,"column":0},"end":{"line":30,"column":23}},"30":{"start":{"line":31,"column":0},"end":{"line":31,"column":21}},"31":{"start":{"line":32,"column":0},"end":{"line":32,"column":23}},"32":{"start":{"line":33,"column":0},"end":{"line":33,"column":3}},"37":{"start":{"line":38,"column":0},"end":{"line":38,"column":44}},"38":{"start":{"line":39,"column":0},"end":{"line":39,"column":16}},"39":{"start":{"line":40,"column":0},"end":{"line":40,"column":15}},"40":{"start":{"line":41,"column":0},"end":{"line":41,"column":16}},"41":{"start":{"line":42,"column":0},"end":{"line":42,"column":19}},"42":{"start":{"line":43,"column":0},"end":{"line":43,"column":20}},"43":{"start":{"line":44,"column":0},"end":{"line":44,"column":58}},"44":{"start":{"line":45,"column":0},"end":{"line":45,"column":4}},"45":{"start":{"line":46,"column":0},"end":{"line":46,"column":17}},"46":{"start":{"line":47,"column":0},"end":{"line":47,"column":15}},"47":{"start":{"line":48,"column":0},"end":{"line":48,"column":16}},"48":{"start":{"line":49,"column":0},"end":{"line":49,"column":19}},"49":{"start":{"line":50,"column":0},"end":{"line":50,"column":20}},"50":{"start":{"line":51,"column":0},"end":{"line":51,"column":59}},"51":{"start":{"line":52,"column":0},"end":{"line":52,"column":4}},"52":{"start":{"line":53,"column":0},"end":{"line":53,"column":26}},"53":{"start":{"line":54,"column":0},"end":{"line":54,"column":67}},"54":{"start":{"line":55,"column":0},"end":{"line":55,"column":5}},"55":{"start":{"line":56,"column":0},"end":{"line":56,"column":4}},"56":{"start":{"line":57,"column":0},"end":{"line":57,"column":26}},"57":{"start":{"line":58,"column":0},"end":{"line":58,"column":67}},"58":{"start":{"line":59,"column":0},"end":{"line":59,"column":6}},"59":{"start":{"line":60,"column":0},"end":{"line":60,"column":4}},"60":{"start":{"line":61,"column":0},"end":{"line":61,"column":28}},"61":{"start":{"line":62,"column":0},"end":{"line":62,"column":55}},"62":{"start":{"line":63,"column":0},"end":{"line":63,"column":6}},"63":{"start":{"line":64,"column":0},"end":{"line":64,"column":4}},"64":{"start":{"line":65,"column":0},"end":{"line":65,"column":24}},"65":{"start":{"line":66,"column":0},"end":{"line":66,"column":78}},"66":{"start":{"line":67,"column":0},"end":{"line":67,"column":9}},"67":{"start":{"line":68,"column":0},"end":{"line":68,"column":4}},"68":{"start":{"line":69,"column":0},"end":{"line":69,"column":3}},"76":{"start":{"line":77,"column":0},"end":{"line":77,"column":39}},"77":{"start":{"line":78,"column":0},"end":{"line":78,"column":74}},"78":{"start":{"line":79,"column":0},"end":{"line":79,"column":75}},"79":{"start":{"line":80,"column":0},"end":{"line":80,"column":16}},"80":{"start":{"line":81,"column":0},"end":{"line":81,"column":75}},"81":{"start":{"line":82,"column":0},"end":{"line":82,"column":25}},"82":{"start":{"line":83,"column":0},"end":{"line":83,"column":26}},"83":{"start":{"line":84,"column":0},"end":{"line":84,"column":4}},"84":{"start":{"line":85,"column":0},"end":{"line":85,"column":29}},"85":{"start":{"line":86,"column":0},"end":{"line":86,"column":39}},"86":{"start":{"line":87,"column":0},"end":{"line":87,"column":24}},"87":{"start":{"line":88,"column":0},"end":{"line":88,"column":23}},"88":{"start":{"line":89,"column":0},"end":{"line":89,"column":19}},"89":{"start":{"line":90,"column":0},"end":{"line":90,"column":24}},"90":{"start":{"line":91,"column":0},"end":{"line":91,"column":3}},"98":{"start":{"line":99,"column":0},"end":{"line":99,"column":37}},"99":{"start":{"line":100,"column":0},"end":{"line":100,"column":13}},"100":{"start":{"line":101,"column":0},"end":{"line":101,"column":14}},"101":{"start":{"line":102,"column":0},"end":{"line":102,"column":16}},"102":{"start":{"line":103,"column":0},"end":{"line":103,"column":15}},"103":{"start":{"line":104,"column":0},"end":{"line":104,"column":2}},"108":{"start":{"line":109,"column":0},"end":{"line":109,"column":45}},"112":{"start":{"line":113,"column":0},"end":{"line":113,"column":16}},"113":{"start":{"line":114,"column":0},"end":{"line":114,"column":56}},"114":{"start":{"line":115,"column":0},"end":{"line":115,"column":2}},"119":{"start":{"line":120,"column":0},"end":{"line":120,"column":41}},"124":{"start":{"line":125,"column":0},"end":{"line":125,"column":16}},"125":{"start":{"line":126,"column":0},"end":{"line":126,"column":46}},"126":{"start":{"line":127,"column":0},"end":{"line":127,"column":10}},"127":{"start":{"line":128,"column":0},"end":{"line":128,"column":19}},"128":{"start":{"line":129,"column":0},"end":{"line":129,"column":22}},"129":{"start":{"line":130,"column":0},"end":{"line":130,"column":19}},"130":{"start":{"line":131,"column":0},"end":{"line":131,"column":23}},"131":{"start":{"line":132,"column":0},"end":{"line":132,"column":18}},"132":{"start":{"line":133,"column":0},"end":{"line":133,"column":21}},"133":{"start":{"line":134,"column":0},"end":{"line":134,"column":18}},"134":{"start":{"line":135,"column":0},"end":{"line":135,"column":19}},"136":{"start":{"line":137,"column":0},"end":{"line":137,"column":2}}},"s":{"0":0,"10":0,"11":0,"12":0,"13":0,"18":0,"19":0,"20":0,"21":0,"22":0,"23":0,"28":0,"29":0,"30":0,"31":0,"32":0,"37":0,"38":0,"39":0,"40":0,"41":0,"42":0,"43":0,"44":0,"45":0,"46":0,"47":0,"48":0,"49":0,"50":0,"51":0,"52":0,"53":0,"54":0,"55":0,"56":0,"57":0,"58":0,"59":0,"60":0,"61":0,"62":0,"63":0,"64":0,"65":0,"66":0,"67":0,"68":0,"76":0,"77":0,"78":0,"79":0,"80":0,"81":0,"82":0,"83":0,"84":0,"85":0,"86":0,"87":0,"88":0,"89":0,"90":0,"98":0,"99":0,"100":0,"101":0,"102":0,"103":0,"108":0,"112":0,"113":0,"114":0,"119":0,"124":0,"125":0,"126":0,"127":0,"128":0,"129":0,"130":0,"131":0,"132":0,"133":0,"134":0,"136":0},"branchMap":{"0":{"type":"branch","line":1,"loc":{"start":{"line":1,"column":0},"end":{"line":137,"column":-1335}},"locations":[{"start":{"line":1,"column":0},"end":{"line":137,"column":-1335}}]}},"b":{"0":[0]},"fnMap":{"0":{"name":"(empty-report)","decl":{"start":{"line":1,"column":0},"end":{"line":137,"column":-1335}},"loc":{"start":{"line":1,"column":0},"end":{"line":137,"column":-1335}},"line":1}},"f":{"0":0}}
,"C:\\Users\\gxpai\\Desktop\\AIGames\\NextRealDeal\\src\\types\\contracts.ts": {"path":"C:\\Users\\gxpai\\Desktop\\AIGames\\NextRealDeal\\src\\types\\contracts.ts","all":false,"statementMap":{"95":{"start":{"line":96,"column":0},"end":{"line":96,"column":22}},"96":{"start":{"line":97,"column":0},"end":{"line":97,"column":12}},"97":{"start":{"line":98,"column":0},"end":{"line":98,"column":11}},"98":{"start":{"line":99,"column":0},"end":{"line":99,"column":12}},"99":{"start":{"line":100,"column":0},"end":{"line":100,"column":11}},"100":{"start":{"line":101,"column":0},"end":{"line":101,"column":12}},"101":{"start":{"line":102,"column":0},"end":{"line":102,"column":11}}},"s":{"95":1,"96":1,"97":1,"98":1,"99":1,"100":1,"101":1},"branchMap":{"0":{"type":"branch","line":96,"loc":{"start":{"line":96,"column":7},"end":{"line":96,"column":22}},"locations":[{"start":{"line":96,"column":7},"end":{"line":96,"column":22}}]}},"b":{"0":[1]},"fnMap":{},"f":{}}
,"C:\\Users\\gxpai\\Desktop\\AIGames\\NextRealDeal\\src\\util\\AsyncQueue.ts": {"path":"C:\\Users\\gxpai\\Desktop\\AIGames\\NextRealDeal\\src\\util\\AsyncQueue.ts","all":false,"statementMap":{"11":{"start":{"line":12,"column":0},"end":{"line":12,"column":50}},"12":{"start":{"line":13,"column":0},"end":{"line":13,"column":47}},"13":{"start":{"line":14,"column":0},"end":{"line":14,"column":22}},"15":{"start":{"line":16,"column":0},"end":{"line":16,"column":51}},"16":{"start":{"line":17,"column":0},"end":{"line":17,"column":46}},"17":{"start":{"line":18,"column":0},"end":{"line":18,"column":19}},"19":{"start":{"line":20,"column":0},"end":{"line":20,"column":30}},"20":{"start":{"line":21,"column":0},"end":{"line":21,"column":33}},"21":{"start":{"line":22,"column":0},"end":{"line":22,"column":17}},"22":{"start":{"line":23,"column":0},"end":{"line":23,"column":13}},"23":{"start":{"line":24,"column":0},"end":{"line":24,"column":23}},"24":{"start":{"line":25,"column":0},"end":{"line":25,"column":17}},"27":{"start":{"line":28,"column":0},"end":{"line":28,"column":9}},"28":{"start":{"line":29,"column":0},"end":{"line":29,"column":7}},"29":{"start":{"line":30,"column":0},"end":{"line":30,"column":5}},"31":{"start":{"line":32,"column":0},"end":{"line":32,"column":20}},"32":{"start":{"line":33,"column":0},"end":{"line":33,"column":4}},"34":{"start":{"line":35,"column":0},"end":{"line":35,"column":62}},"35":{"start":{"line":36,"column":0},"end":{"line":36,"column":48}},"36":{"start":{"line":37,"column":0},"end":{"line":37,"column":54}},"37":{"start":{"line":38,"column":0},"end":{"line":38,"column":13}},"38":{"start":{"line":39,"column":0},"end":{"line":39,"column":38}},"39":{"start":{"line":40,"column":0},"end":{"line":40,"column":26}},"40":{"start":{"line":41,"column":0},"end":{"line":41,"column":23}},"41":{"start":{"line":42,"column":0},"end":{"line":42,"column":22}},"42":{"start":{"line":43,"column":0},"end":{"line":43,"column":9}},"43":{"start":{"line":44,"column":0},"end":{"line":44,"column":8}},"45":{"start":{"line":46,"column":0},"end":{"line":46,"column":30}},"46":{"start":{"line":47,"column":0},"end":{"line":47,"column":26}},"47":{"start":{"line":48,"column":0},"end":{"line":48,"column":7}},"48":{"start":{"line":49,"column":0},"end":{"line":49,"column":4}},"50":{"start":{"line":51,"column":0},"end":{"line":51,"column":64}},"51":{"start":{"line":52,"column":0},"end":{"line":52,"column":42}},"53":{"start":{"line":54,"column":0},"end":{"line":54,"column":36}},"54":{"start":{"line":55,"column":0},"end":{"line":55,"column":2}}},"s":{"11":1,"12":9,"13":9,"15":9,"16":0,"17":0,"19":0,"20":0,"21":0,"22":0,"23":0,"24":0,"27":0,"28":0,"29":0,"31":0,"32":0,"34":9,"35":0,"36":0,"37":0,"38":0,"39":0,"40":0,"41":0,"42":0,"43":0,"45":0,"46":0,"47":0,"48":0,"50":9,"51":9,"53":9,"54":9},"branchMap":{"0":{"type":"branch","line":12,"loc":{"start":{"line":12,"column":30},"end":{"line":55,"column":2}},"locations":[{"start":{"line":12,"column":30},"end":{"line":55,"column":2}}]}},"b":{"0":[9]},"fnMap":{"0":{"name":"makeAsyncQueue","decl":{"start":{"line":12,"column":30},"end":{"line":55,"column":2}},"loc":{"start":{"line":12,"column":30},"end":{"line":55,"column":2}},"line":12},"1":{"name":"processQueue","decl":{"start":{"line":16,"column":23},"end":{"line":33,"column":4}},"loc":{"start":{"line":16,"column":23},"end":{"line":33,"column":4}},"line":16},"2":{"name":"enqueue","decl":{"start":{"line":35,"column":18},"end":{"line":49,"column":4}},"loc":{"start":{"line":35,"column":18},"end":{"line":49,"column":4}},"line":35},"3":{"name":"isEmpty","decl":{"start":{"line":51,"column":18},"end":{"line":51,"column":64}},"loc":{"start":{"line":51,"column":18},"end":{"line":51,"column":64}},"line":51},"4":{"name":"size","decl":{"start":{"line":52,"column":15},"end":{"line":52,"column":42}},"loc":{"start":{"line":52,"column":15},"end":{"line":52,"column":42}},"line":52}},"f":{"0":9,"1":0,"2":0,"3":0,"4":0}}
,"C:\\Users\\gxpai\\Desktop\\AIGames\\NextRealDeal\\src\\util\\Logger.ts": {"path":"C:\\Users\\gxpai\\Desktop\\AIGames\\NextRealDeal\\src\\util\\Logger.ts","all":false,"statementMap":{"21":{"start":{"line":22,"column":0},"end":{"line":22,"column":49}},"22":{"start":{"line":23,"column":0},"end":{"line":23,"column":11}},"23":{"start":{"line":24,"column":0},"end":{"line":24,"column":10}},"24":{"start":{"line":25,"column":0},"end":{"line":25,"column":10}},"25":{"start":{"line":26,"column":0},"end":{"line":26,"column":11}},"26":{"start":{"line":27,"column":0},"end":{"line":27,"column":2}},"28":{"start":{"line":29,"column":0},"end":{"line":29,"column":76}},"29":{"start":{"line":30,"column":0},"end":{"line":30,"column":10}},"30":{"start":{"line":31,"column":0},"end":{"line":31,"column":23}},"31":{"start":{"line":32,"column":0},"end":{"line":32,"column":20}},"32":{"start":{"line":33,"column":0},"end":{"line":33,"column":30}},"33":{"start":{"line":34,"column":0},"end":{"line":34,"column":13}},"35":{"start":{"line":36,"column":0},"end":{"line":36,"column":51}},"36":{"start":{"line":37,"column":0},"end":{"line":37,"column":70}},"37":{"start":{"line":38,"column":0},"end":{"line":38,"column":4}},"39":{"start":{"line":40,"column":0},"end":{"line":40,"column":94}},"40":{"start":{"line":41,"column":0},"end":{"line":41,"column":34}},"42":{"start":{"line":43,"column":0},"end":{"line":43,"column":47}},"43":{"start":{"line":44,"column":0},"end":{"line":44,"column":57}},"44":{"start":{"line":45,"column":0},"end":{"line":45,"column":61}},"45":{"start":{"line":46,"column":0},"end":{"line":46,"column":44}},"46":{"start":{"line":47,"column":0},"end":{"line":47,"column":11}},"48":{"start":{"line":49,"column":0},"end":{"line":49,"column":88}},"51":{"start":{"line":52,"column":0},"end":{"line":52,"column":20}},"52":{"start":{"line":53,"column":0},"end":{"line":53,"column":19}},"53":{"start":{"line":54,"column":0},"end":{"line":54,"column":34}},"54":{"start":{"line":55,"column":0},"end":{"line":55,"column":14}},"55":{"start":{"line":56,"column":0},"end":{"line":56,"column":18}},"56":{"start":{"line":57,"column":0},"end":{"line":57,"column":33}},"57":{"start":{"line":58,"column":0},"end":{"line":58,"column":14}},"58":{"start":{"line":59,"column":0},"end":{"line":59,"column":14}},"61":{"start":{"line":62,"column":0},"end":{"line":62,"column":34}},"62":{"start":{"line":63,"column":0},"end":{"line":63,"column":5}},"63":{"start":{"line":64,"column":0},"end":{"line":64,"column":4}},"65":{"start":{"line":66,"column":0},"end":{"line":66,"column":79}},"66":{"start":{"line":67,"column":0},"end":{"line":67,"column":35}},"67":{"start":{"line":68,"column":0},"end":{"line":68,"column":4}},"69":{"start":{"line":70,"column":0},"end":{"line":70,"column":78}},"70":{"start":{"line":71,"column":0},"end":{"line":71,"column":34}},"71":{"start":{"line":72,"column":0},"end":{"line":72,"column":4}},"73":{"start":{"line":74,"column":0},"end":{"line":74,"column":78}},"74":{"start":{"line":75,"column":0},"end":{"line":75,"column":34}},"75":{"start":{"line":76,"column":0},"end":{"line":76,"column":4}},"77":{"start":{"line":78,"column":0},"end":{"line":78,"column":79}},"78":{"start":{"line":79,"column":0},"end":{"line":79,"column":35}},"79":{"start":{"line":80,"column":0},"end":{"line":80,"column":4}},"81":{"start":{"line":82,"column":0},"end":{"line":82,"column":69}},"82":{"start":{"line":83,"column":0},"end":{"line":83,"column":24}},"83":{"start":{"line":84,"column":0},"end":{"line":84,"column":16}},"84":{"start":{"line":85,"column":0},"end":{"line":85,"column":15}},"85":{"start":{"line":86,"column":0},"end":{"line":86,"column":51}},"86":{"start":{"line":87,"column":0},"end":{"line":87,"column":7}},"87":{"start":{"line":88,"column":0},"end":{"line":88,"column":4}},"89":{"start":{"line":90,"column":0},"end":{"line":90,"column":45}},"90":{"start":{"line":91,"column":0},"end":{"line":91,"column":2}}},"s":{"21":1,"22":1,"23":1,"24":1,"25":1,"26":1,"28":1,"29":19,"30":19,"31":19,"32":19,"33":19,"35":19,"36":21,"37":21,"39":19,"40":21,"42":0,"43":0,"44":0,"45":0,"46":0,"48":21,"51":21,"52":21,"53":0,"54":0,"55":21,"56":0,"57":0,"58":21,"61":0,"62":21,"63":21,"65":19,"66":0,"67":0,"69":19,"70":21,"71":21,"73":19,"74":0,"75":0,"77":19,"78":0,"79":0,"81":19,"82":10,"83":10,"84":10,"85":10,"86":10,"87":10,"89":19,"90":19},"branchMap":{"0":{"type":"branch","line":29,"loc":{"start":{"line":29,"column":26},"end":{"line":91,"column":2}},"locations":[{"start":{"line":29,"column":26},"end":{"line":91,"column":2}}]},"1":{"type":"branch","line":36,"loc":{"start":{"line":36,"column":20},"end":{"line":38,"column":4}},"locations":[{"start":{"line":36,"column":20},"end":{"line":38,"column":4}}]},"2":{"type":"branch","line":37,"loc":{"start":{"line":37,"column":11},"end":{"line":37,"column":70}},"locations":[{"start":{"line":37,"column":11},"end":{"line":37,"column":70}}]},"3":{"type":"branch","line":40,"loc":{"start":{"line":40,"column":14},"end":{"line":64,"column":4}},"locations":[{"start":{"line":40,"column":14},"end":{"line":64,"column":4}}]},"4":{"type":"branch","line":41,"loc":{"start":{"line":41,"column":27},"end":{"line":46,"column":44}},"locations":[{"start":{"line":41,"column":27},"end":{"line":46,"column":44}}]},"5":{"type":"branch","line":46,"loc":{"start":{"line":46,"column":41},"end":{"line":47,"column":11}},"locations":[{"start":{"line":46,"column":41},"end":{"line":47,"column":11}}]},"6":{"type":"branch","line":53,"loc":{"start":{"line":53,"column":6},"end":{"line":55,"column":14}},"locations":[{"start":{"line":53,"column":6},"end":{"line":55,"column":14}}]},"7":{"type":"branch","line":56,"loc":{"start":{"line":56,"column":6},"end":{"line":58,"column":14}},"locations":[{"start":{"line":56,"column":6},"end":{"line":58,"column":14}}]},"8":{"type":"branch","line":59,"loc":{"start":{"line":59,"column":6},"end":{"line":62,"column":34}},"locations":[{"start":{"line":59,"column":6},"end":{"line":62,"column":34}}]},"9":{"type":"branch","line":70,"loc":{"start":{"line":70,"column":15},"end":{"line":72,"column":4}},"locations":[{"start":{"line":70,"column":15},"end":{"line":72,"column":4}}]},"10":{"type":"branch","line":82,"loc":{"start":{"line":82,"column":16},"end":{"line":88,"column":4}},"locations":[{"start":{"line":82,"column":16},"end":{"line":88,"column":4}}]}},"b":{"0":[19],"1":[21],"2":[0],"3":[21],"4":[0],"5":[0],"6":[0],"7":[0],"8":[0],"9":[21],"10":[10]},"fnMap":{"0":{"name":"makeLogger","decl":{"start":{"line":29,"column":26},"end":{"line":91,"column":2}},"loc":{"start":{"line":29,"column":26},"end":{"line":91,"column":2}},"line":29},"1":{"name":"shouldLog","decl":{"start":{"line":36,"column":20},"end":{"line":38,"column":4}},"loc":{"start":{"line":36,"column":20},"end":{"line":38,"column":4}},"line":36},"2":{"name":"log","decl":{"start":{"line":40,"column":14},"end":{"line":64,"column":4}},"loc":{"start":{"line":40,"column":14},"end":{"line":64,"column":4}},"line":40},"3":{"name":"debug","decl":{"start":{"line":66,"column":16},"end":{"line":68,"column":4}},"loc":{"start":{"line":66,"column":16},"end":{"line":68,"column":4}},"line":66},"4":{"name":"info","decl":{"start":{"line":70,"column":15},"end":{"line":72,"column":4}},"loc":{"start":{"line":70,"column":15},"end":{"line":72,"column":4}},"line":70},"5":{"name":"warn","decl":{"start":{"line":74,"column":15},"end":{"line":76,"column":4}},"loc":{"start":{"line":74,"column":15},"end":{"line":76,"column":4}},"line":74},"6":{"name":"error","decl":{"start":{"line":78,"column":16},"end":{"line":80,"column":4}},"loc":{"start":{"line":78,"column":16},"end":{"line":80,"column":4}},"line":78},"7":{"name":"child","decl":{"start":{"line":82,"column":16},"end":{"line":88,"column":4}},"loc":{"start":{"line":82,"column":16},"end":{"line":88,"column":4}},"line":82}},"f":{"0":19,"1":21,"2":21,"3":0,"4":21,"5":0,"6":0,"7":10}}
,"C:\\Users\\gxpai\\Desktop\\AIGames\\NextRealDeal\\src\\util\\Result.ts": {"path":"C:\\Users\\gxpai\\Desktop\\AIGames\\NextRealDeal\\src\\util\\Result.ts","all":false,"statementMap":{"10":{"start":{"line":11,"column":0},"end":{"line":11,"column":75}},"12":{"start":{"line":13,"column":0},"end":{"line":13,"column":77}},"14":{"start":{"line":15,"column":0},"end":{"line":15,"column":85}},"15":{"start":{"line":16,"column":0},"end":{"line":16,"column":21}},"17":{"start":{"line":18,"column":0},"end":{"line":18,"column":87}},"18":{"start":{"line":19,"column":0},"end":{"line":19,"column":22}},"23":{"start":{"line":24,"column":0},"end":{"line":24,"column":58}},"24":{"start":{"line":25,"column":0},"end":{"line":25,"column":37}},"25":{"start":{"line":26,"column":0},"end":{"line":26,"column":21}},"26":{"start":{"line":27,"column":0},"end":{"line":27,"column":2}},"31":{"start":{"line":32,"column":0},"end":{"line":32,"column":77}},"32":{"start":{"line":33,"column":0},"end":{"line":33,"column":49}},"33":{"start":{"line":34,"column":0},"end":{"line":34,"column":2}},"38":{"start":{"line":39,"column":0},"end":{"line":39,"column":29}},"39":{"start":{"line":40,"column":0},"end":{"line":40,"column":23}},"40":{"start":{"line":41,"column":0},"end":{"line":41,"column":21}},"41":{"start":{"line":42,"column":0},"end":{"line":42,"column":20}},"42":{"start":{"line":43,"column":0},"end":{"line":43,"column":51}},"43":{"start":{"line":44,"column":0},"end":{"line":44,"column":2}},"48":{"start":{"line":49,"column":0},"end":{"line":49,"column":32}},"49":{"start":{"line":50,"column":0},"end":{"line":50,"column":23}},"50":{"start":{"line":51,"column":0},"end":{"line":51,"column":21}},"51":{"start":{"line":52,"column":0},"end":{"line":52,"column":20}},"52":{"start":{"line":53,"column":0},"end":{"line":53,"column":52}},"53":{"start":{"line":54,"column":0},"end":{"line":54,"column":2}},"58":{"start":{"line":59,"column":0},"end":{"line":59,"column":33}},"59":{"start":{"line":60,"column":0},"end":{"line":60,"column":23}},"60":{"start":{"line":61,"column":0},"end":{"line":61,"column":32}},"61":{"start":{"line":62,"column":0},"end":{"line":62,"column":20}},"62":{"start":{"line":63,"column":0},"end":{"line":63,"column":47}},"63":{"start":{"line":64,"column":0},"end":{"line":64,"column":2}},"69":{"start":{"line":70,"column":0},"end":{"line":70,"column":75}},"70":{"start":{"line":71,"column":0},"end":{"line":71,"column":25}},"71":{"start":{"line":72,"column":0},"end":{"line":72,"column":33}},"72":{"start":{"line":73,"column":0},"end":{"line":73,"column":34}},"73":{"start":{"line":74,"column":0},"end":{"line":74,"column":30}},"74":{"start":{"line":75,"column":0},"end":{"line":75,"column":3}},"75":{"start":{"line":76,"column":0},"end":{"line":76,"column":20}},"76":{"start":{"line":77,"column":0},"end":{"line":77,"column":2}}},"s":{"10":1,"12":1,"14":1,"15":0,"17":1,"18":0,"23":1,"24":0,"25":0,"26":0,"31":1,"32":0,"33":0,"38":1,"39":0,"40":0,"41":0,"42":0,"43":0,"48":1,"49":0,"50":0,"51":0,"52":0,"53":0,"58":1,"59":0,"60":0,"61":0,"62":0,"63":0,"69":1,"70":0,"71":0,"72":0,"73":0,"74":0,"75":0,"76":0},"branchMap":{"0":{"type":"branch","line":11,"loc":{"start":{"line":11,"column":18},"end":{"line":11,"column":75}},"locations":[{"start":{"line":11,"column":18},"end":{"line":11,"column":75}}]},"1":{"type":"branch","line":13,"loc":{"start":{"line":13,"column":19},"end":{"line":13,"column":77}},"locations":[{"start":{"line":13,"column":19},"end":{"line":13,"column":77}}]}},"b":{"0":[1],"1":[1]},"fnMap":{"0":{"name":"Ok","decl":{"start":{"line":11,"column":18},"end":{"line":11,"column":75}},"loc":{"start":{"line":11,"column":18},"end":{"line":11,"column":75}},"line":11},"1":{"name":"Err","decl":{"start":{"line":13,"column":19},"end":{"line":13,"column":77}},"loc":{"start":{"line":13,"column":19},"end":{"line":13,"column":77}},"line":13},"2":{"name":"isOk","decl":{"start":{"line":15,"column":20},"end":{"line":16,"column":21}},"loc":{"start":{"line":15,"column":20},"end":{"line":16,"column":21}},"line":15},"3":{"name":"isErr","decl":{"start":{"line":18,"column":21},"end":{"line":19,"column":22}},"loc":{"start":{"line":18,"column":21},"end":{"line":19,"column":22}},"line":18},"4":{"name":"unwrap","decl":{"start":{"line":24,"column":22},"end":{"line":27,"column":2}},"loc":{"start":{"line":24,"column":22},"end":{"line":27,"column":2}},"line":24},"5":{"name":"unwrapOr","decl":{"start":{"line":32,"column":24},"end":{"line":34,"column":2}},"loc":{"start":{"line":32,"column":24},"end":{"line":34,"column":2}},"line":32},"6":{"name":"map","decl":{"start":{"line":39,"column":19},"end":{"line":44,"column":2}},"loc":{"start":{"line":39,"column":19},"end":{"line":44,"column":2}},"line":39},"7":{"name":"mapErr","decl":{"start":{"line":49,"column":22},"end":{"line":54,"column":2}},"loc":{"start":{"line":49,"column":22},"end":{"line":54,"column":2}},"line":49},"8":{"name":"andThen","decl":{"start":{"line":59,"column":23},"end":{"line":64,"column":2}},"loc":{"start":{"line":59,"column":23},"end":{"line":64,"column":2}},"line":59},"9":{"name":"combine","decl":{"start":{"line":70,"column":23},"end":{"line":77,"column":2}},"loc":{"start":{"line":70,"column":23},"end":{"line":77,"column":2}},"line":70}},"f":{"0":1,"1":1,"2":0,"3":0,"4":0,"5":0,"6":0,"7":0,"8":0,"9":0}}
,"C:\\Users\\gxpai\\Desktop\\AIGames\\NextRealDeal\\src\\util\\Rng.ts": {"path":"C:\\Users\\gxpai\\Desktop\\AIGames\\NextRealDeal\\src\\util\\Rng.ts","all":false,"statementMap":{"0":{"start":{"line":1,"column":0},"end":{"line":1,"column":2}},"19":{"start":{"line":20,"column":0},"end":{"line":20,"column":96}},"20":{"start":{"line":21,"column":0},"end":{"line":21,"column":14}},"21":{"start":{"line":22,"column":0},"end":{"line":22,"column":25}},"22":{"start":{"line":23,"column":0},"end":{"line":23,"column":31}},"24":{"start":{"line":25,"column":0},"end":{"line":25,"column":53}},"25":{"start":{"line":26,"column":0},"end":{"line":26,"column":72}},"26":{"start":{"line":27,"column":0},"end":{"line":27,"column":66}},"27":{"start":{"line":28,"column":0},"end":{"line":28,"column":5}},"28":{"start":{"line":29,"column":0},"end":{"line":29,"column":62}},"29":{"start":{"line":30,"column":0},"end":{"line":30,"column":21}},"30":{"start":{"line":31,"column":0},"end":{"line":31,"column":4}},"32":{"start":{"line":33,"column":0},"end":{"line":33,"column":31}},"33":{"start":{"line":34,"column":0},"end":{"line":34,"column":70}},"34":{"start":{"line":35,"column":0},"end":{"line":35,"column":71}},"35":{"start":{"line":36,"column":0},"end":{"line":36,"column":48}},"36":{"start":{"line":37,"column":0},"end":{"line":37,"column":4}},"38":{"start":{"line":39,"column":0},"end":{"line":39,"column":38}},"39":{"start":{"line":40,"column":0},"end":{"line":40,"column":84}},"40":{"start":{"line":41,"column":0},"end":{"line":41,"column":23}},"41":{"start":{"line":42,"column":0},"end":{"line":42,"column":4}},"43":{"start":{"line":44,"column":0},"end":{"line":44,"column":48}},"44":{"start":{"line":45,"column":0},"end":{"line":45,"column":68}},"45":{"start":{"line":46,"column":0},"end":{"line":46,"column":40}},"46":{"start":{"line":47,"column":0},"end":{"line":47,"column":4}},"48":{"start":{"line":49,"column":0},"end":{"line":49,"column":50}},"49":{"start":{"line":50,"column":0},"end":{"line":50,"column":47}},"50":{"start":{"line":51,"column":0},"end":{"line":51,"column":27}},"51":{"start":{"line":52,"column":0},"end":{"line":52,"column":43}},"52":{"start":{"line":53,"column":0},"end":{"line":53,"column":6}},"53":{"start":{"line":54,"column":0},"end":{"line":54,"column":4}},"55":{"start":{"line":56,"column":0},"end":{"line":56,"column":47}},"56":{"start":{"line":57,"column":0},"end":{"line":57,"column":90}},"57":{"start":{"line":58,"column":0},"end":{"line":58,"column":77}},"58":{"start":{"line":59,"column":0},"end":{"line":59,"column":15}},"59":{"start":{"line":60,"column":0},"end":{"line":60,"column":72}},"60":{"start":{"line":61,"column":0},"end":{"line":61,"column":4}},"62":{"start":{"line":63,"column":0},"end":{"line":63,"column":99}},"63":{"start":{"line":64,"column":0},"end":{"line":64,"column":70}},"64":{"start":{"line":65,"column":0},"end":{"line":65,"column":2}},"66":{"start":{"line":67,"column":0},"end":{"line":67,"column":62}},"67":{"start":{"line":68,"column":0},"end":{"line":68,"column":71}}},"s":{"0":1,"19":1,"20":37,"21":37,"22":37,"24":37,"25":47,"26":0,"27":0,"28":47,"29":47,"30":47,"32":37,"33":102,"34":102,"35":102,"36":102,"38":37,"39":100,"40":100,"41":100,"43":37,"44":1,"45":1,"46":1,"48":37,"49":2,"50":8,"51":8,"52":8,"53":2,"55":37,"56":15,"57":15,"58":15,"59":15,"60":15,"62":37,"63":37,"64":37,"66":1,"67":22},"branchMap":{"0":{"type":"branch","line":20,"loc":{"start":{"line":20,"column":20},"end":{"line":65,"column":2}},"locations":[{"start":{"line":20,"column":20},"end":{"line":65,"column":2}}]},"1":{"type":"branch","line":25,"loc":{"start":{"line":25,"column":14},"end":{"line":31,"column":4}},"locations":[{"start":{"line":25,"column":14},"end":{"line":31,"column":4}}]},"2":{"type":"branch","line":26,"loc":{"start":{"line":26,"column":71},"end":{"line":28,"column":5}},"locations":[{"start":{"line":26,"column":71},"end":{"line":28,"column":5}}]},"3":{"type":"branch","line":33,"loc":{"start":{"line":33,"column":16},"end":{"line":37,"column":4}},"locations":[{"start":{"line":33,"column":16},"end":{"line":37,"column":4}}]},"4":{"type":"branch","line":39,"loc":{"start":{"line":39,"column":15},"end":{"line":42,"column":4}},"locations":[{"start":{"line":39,"column":15},"end":{"line":42,"column":4}}]},"5":{"type":"branch","line":40,"loc":{"start":{"line":40,"column":29},"end":{"line":40,"column":84}},"locations":[{"start":{"line":40,"column":29},"end":{"line":40,"column":84}}]},"6":{"type":"branch","line":44,"loc":{"start":{"line":44,"column":17},"end":{"line":47,"column":4}},"locations":[{"start":{"line":44,"column":17},"end":{"line":47,"column":4}}]},"7":{"type":"branch","line":45,"loc":{"start":{"line":45,"column":21},"end":{"line":45,"column":68}},"locations":[{"start":{"line":45,"column":21},"end":{"line":45,"column":68}}]},"8":{"type":"branch","line":49,"loc":{"start":{"line":49,"column":25},"end":{"line":54,"column":4}},"locations":[{"start":{"line":49,"column":25},"end":{"line":54,"column":4}}]},"9":{"type":"branch","line":50,"loc":{"start":{"line":50,"column":45},"end":{"line":53,"column":6}},"locations":[{"start":{"line":50,"column":45},"end":{"line":53,"column":6}}]},"10":{"type":"branch","line":56,"loc":{"start":{"line":56,"column":15},"end":{"line":61,"column":4}},"locations":[{"start":{"line":56,"column":15},"end":{"line":61,"column":4}}]},"11":{"type":"branch","line":63,"loc":{"start":{"line":63,"column":19},"end":{"line":63,"column":99}},"locations":[{"start":{"line":63,"column":19},"end":{"line":63,"column":99}}]},"12":{"type":"branch","line":67,"loc":{"start":{"line":67,"column":23},"end":{"line":68,"column":71}},"locations":[{"start":{"line":67,"column":23},"end":{"line":68,"column":71}}]}},"b":{"0":[37],"1":[47],"2":[0],"3":[102],"4":[100],"5":[0],"6":[1],"7":[0],"8":[2],"9":[8],"10":[15],"11":[1],"12":[22]},"fnMap":{"0":{"name":"makeFromGen","decl":{"start":{"line":20,"column":20},"end":{"line":65,"column":2}},"loc":{"start":{"line":20,"column":20},"end":{"line":65,"column":2}},"line":20},"1":{"name":"int","decl":{"start":{"line":25,"column":14},"end":{"line":31,"column":4}},"loc":{"start":{"line":25,"column":14},"end":{"line":31,"column":4}},"line":25},"2":{"name":"float","decl":{"start":{"line":33,"column":16},"end":{"line":37,"column":4}},"loc":{"start":{"line":33,"column":16},"end":{"line":37,"column":4}},"line":33},"3":{"name":"bool","decl":{"start":{"line":39,"column":15},"end":{"line":42,"column":4}},"loc":{"start":{"line":39,"column":15},"end":{"line":42,"column":4}},"line":39},"4":{"name":"choose","decl":{"start":{"line":44,"column":17},"end":{"line":47,"column":4}},"loc":{"start":{"line":44,"column":17},"end":{"line":47,"column":4}},"line":44},"5":{"name":"shuffleInPlace","decl":{"start":{"line":49,"column":25},"end":{"line":54,"column":4}},"loc":{"start":{"line":49,"column":25},"end":{"line":54,"column":4}},"line":49},"6":{"name":"fork","decl":{"start":{"line":56,"column":15},"end":{"line":61,"column":4}},"loc":{"start":{"line":56,"column":15},"end":{"line":61,"column":4}},"line":56},"7":{"name":"describe","decl":{"start":{"line":63,"column":19},"end":{"line":63,"column":99}},"loc":{"start":{"line":63,"column":19},"end":{"line":63,"column":99}},"line":63},"8":{"name":"makeRng","decl":{"start":{"line":67,"column":23},"end":{"line":68,"column":71}},"loc":{"start":{"line":67,"column":23},"end":{"line":68,"column":71}},"line":67}},"f":{"0":37,"1":47,"2":102,"3":100,"4":1,"5":2,"6":15,"7":1,"8":22}}
,"C:\\Users\\gxpai\\Desktop\\AIGames\\NextRealDeal\\src\\util\\Scope.ts": {"path":"C:\\Users\\gxpai\\Desktop\\AIGames\\NextRealDeal\\src\\util\\Scope.ts","all":true,"statementMap":{"14":{"start":{"line":15,"column":0},"end":{"line":15,"column":40}},"15":{"start":{"line":16,"column":0},"end":{"line":16,"column":76}},"16":{"start":{"line":17,"column":0},"end":{"line":17,"column":23}},"18":{"start":{"line":19,"column":0},"end":{"line":19,"column":81}},"19":{"start":{"line":20,"column":0},"end":{"line":20,"column":19}},"20":{"start":{"line":21,"column":0},"end":{"line":21,"column":54}},"21":{"start":{"line":22,"column":0},"end":{"line":22,"column":5}},"22":{"start":{"line":23,"column":0},"end":{"line":23,"column":33}},"23":{"start":{"line":24,"column":0},"end":{"line":24,"column":4}},"25":{"start":{"line":26,"column":0},"end":{"line":26,"column":46}},"26":{"start":{"line":27,"column":0},"end":{"line":27,"column":25}},"27":{"start":{"line":28,"column":0},"end":{"line":28,"column":20}},"29":{"start":{"line":30,"column":0},"end":{"line":30,"column":31}},"32":{"start":{"line":33,"column":0},"end":{"line":33,"column":55}},"33":{"start":{"line":34,"column":0},"end":{"line":34,"column":31}},"34":{"start":{"line":35,"column":0},"end":{"line":35,"column":11}},"35":{"start":{"line":36,"column":0},"end":{"line":36,"column":38}},"36":{"start":{"line":37,"column":0},"end":{"line":37,"column":20}},"37":{"start":{"line":38,"column":0},"end":{"line":38,"column":16}},"38":{"start":{"line":39,"column":0},"end":{"line":39,"column":28}},"39":{"start":{"line":40,"column":0},"end":{"line":40,"column":9}},"40":{"start":{"line":41,"column":0},"end":{"line":41,"column":21}},"41":{"start":{"line":42,"column":0},"end":{"line":42,"column":73}},"42":{"start":{"line":43,"column":0},"end":{"line":43,"column":7}},"43":{"start":{"line":44,"column":0},"end":{"line":44,"column":5}},"45":{"start":{"line":46,"column":0},"end":{"line":46,"column":27}},"47":{"start":{"line":48,"column":0},"end":{"line":48,"column":28}},"48":{"start":{"line":49,"column":0},"end":{"line":49,"column":62}},"49":{"start":{"line":50,"column":0},"end":{"line":50,"column":59}},"50":{"start":{"line":51,"column":0},"end":{"line":51,"column":5}},"51":{"start":{"line":52,"column":0},"end":{"line":52,"column":4}},"53":{"start":{"line":54,"column":0},"end":{"line":54,"column":38}},"54":{"start":{"line":55,"column":0},"end":{"line":55,"column":19}},"55":{"start":{"line":56,"column":0},"end":{"line":56,"column":54}},"56":{"start":{"line":57,"column":0},"end":{"line":57,"column":5}},"57":{"start":{"line":58,"column":0},"end":{"line":58,"column":16}},"58":{"start":{"line":59,"column":0},"end":{"line":59,"column":4}},"60":{"start":{"line":61,"column":0},"end":{"line":61,"column":31}},"61":{"start":{"line":62,"column":0},"end":{"line":62,"column":2}},"66":{"start":{"line":67,"column":0},"end":{"line":67,"column":35}},"67":{"start":{"line":68,"column":0},"end":{"line":68,"column":39}},"68":{"start":{"line":69,"column":0},"end":{"line":69,"column":18}},"69":{"start":{"line":70,"column":0},"end":{"line":70,"column":28}},"70":{"start":{"line":71,"column":0},"end":{"line":71,"column":7}},"71":{"start":{"line":72,"column":0},"end":{"line":72,"column":27}},"72":{"start":{"line":73,"column":0},"end":{"line":73,"column":13}},"73":{"start":{"line":74,"column":0},"end":{"line":74,"column":26}},"74":{"start":{"line":75,"column":0},"end":{"line":75,"column":3}},"75":{"start":{"line":76,"column":0},"end":{"line":76,"column":2}}},"s":{"14":0,"15":0,"16":0,"18":0,"19":0,"20":0,"21":0,"22":0,"23":0,"25":0,"26":0,"27":0,"29":0,"32":0,"33":0,"34":0,"35":0,"36":0,"37":0,"38":0,"39":0,"40":0,"41":0,"42":0,"43":0,"45":0,"47":0,"48":0,"49":0,"50":0,"51":0,"53":0,"54":0,"55":0,"56":0,"57":0,"58":0,"60":0,"61":0,"66":0,"67":0,"68":0,"69":0,"70":0,"71":0,"72":0,"73":0,"74":0,"75":0},"branchMap":{"0":{"type":"branch","line":1,"loc":{"start":{"line":1,"column":1899},"end":{"line":76,"column":2}},"locations":[{"start":{"line":1,"column":1899},"end":{"line":76,"column":2}}]}},"b":{"0":[1]},"fnMap":{"0":{"name":"(empty-report)","decl":{"start":{"line":1,"column":1899},"end":{"line":76,"column":2}},"loc":{"start":{"line":1,"column":1899},"end":{"line":76,"column":2}},"line":1}},"f":{"0":1}}
,"C:\\Users\\gxpai\\Desktop\\AIGames\\NextRealDeal\\src\\validation\\schemas.ts": {"path":"C:\\Users\\gxpai\\Desktop\\AIGames\\NextRealDeal\\src\\validation\\schemas.ts","all":true,"statementMap":{"0":{"start":{"line":1,"column":0},"end":{"line":1,"column":2}},"10":{"start":{"line":11,"column":0},"end":{"line":11,"column":40}},"11":{"start":{"line":12,"column":0},"end":{"line":12,"column":16}},"12":{"start":{"line":13,"column":0},"end":{"line":13,"column":16}},"13":{"start":{"line":14,"column":0},"end":{"line":14,"column":3}},"21":{"start":{"line":22,"column":0},"end":{"line":22,"column":36}},"22":{"start":{"line":23,"column":0},"end":{"line":23,"column":43}},"23":{"start":{"line":24,"column":0},"end":{"line":24,"column":44}},"24":{"start":{"line":25,"column":0},"end":{"line":25,"column":3}},"32":{"start":{"line":33,"column":0},"end":{"line":33,"column":36}},"33":{"start":{"line":34,"column":0},"end":{"line":34,"column":16}},"34":{"start":{"line":35,"column":0},"end":{"line":35,"column":16}},"35":{"start":{"line":36,"column":0},"end":{"line":36,"column":43}},"36":{"start":{"line":37,"column":0},"end":{"line":37,"column":44}},"37":{"start":{"line":38,"column":0},"end":{"line":38,"column":3}},"45":{"start":{"line":46,"column":0},"end":{"line":46,"column":41}},"46":{"start":{"line":47,"column":0},"end":{"line":47,"column":19}},"47":{"start":{"line":48,"column":0},"end":{"line":48,"column":24}},"48":{"start":{"line":49,"column":0},"end":{"line":49,"column":20}},"49":{"start":{"line":50,"column":0},"end":{"line":50,"column":3}},"57":{"start":{"line":58,"column":0},"end":{"line":58,"column":44}},"58":{"start":{"line":59,"column":0},"end":{"line":59,"column":19}},"59":{"start":{"line":60,"column":0},"end":{"line":60,"column":41}},"60":{"start":{"line":61,"column":0},"end":{"line":61,"column":3}}},"s":{"0":0,"10":0,"11":0,"12":0,"13":0,"21":0,"22":0,"23":0,"24":0,"32":0,"33":0,"34":0,"35":0,"36":0,"37":0,"45":0,"46":0,"47":0,"48":0,"49":0,"57":0,"58":0,"59":0,"60":0},"branchMap":{"0":{"type":"branch","line":1,"loc":{"start":{"line":1,"column":0},"end":{"line":64,"column":-135}},"locations":[{"start":{"line":1,"column":0},"end":{"line":64,"column":-135}}]}},"b":{"0":[0]},"fnMap":{"0":{"name":"(empty-report)","decl":{"start":{"line":1,"column":0},"end":{"line":64,"column":-135}},"loc":{"start":{"line":1,"column":0},"end":{"line":64,"column":-135}},"line":1}},"f":{"0":0}}
,"C:\\Users\\gxpai\\Desktop\\AIGames\\NextRealDeal\\src\\validation\\validate.ts": {"path":"C:\\Users\\gxpai\\Desktop\\AIGames\\NextRealDeal\\src\\validation\\validate.ts","all":true,"statementMap":{"0":{"start":{"line":1,"column":0},"end":{"line":1,"column":2}},"11":{"start":{"line":12,"column":0},"end":{"line":12,"column":95}},"12":{"start":{"line":13,"column":0},"end":{"line":13,"column":18}},"13":{"start":{"line":14,"column":0},"end":{"line":14,"column":15}},"14":{"start":{"line":15,"column":0},"end":{"line":15,"column":45}},"15":{"start":{"line":16,"column":0},"end":{"line":16,"column":43}},"17":{"start":{"line":18,"column":0},"end":{"line":18,"column":23}},"18":{"start":{"line":19,"column":0},"end":{"line":19,"column":29}},"19":{"start":{"line":20,"column":0},"end":{"line":20,"column":3}},"21":{"start":{"line":22,"column":0},"end":{"line":22,"column":31}},"22":{"start":{"line":23,"column":0},"end":{"line":23,"column":91}},"23":{"start":{"line":24,"column":0},"end":{"line":24,"column":16}},"25":{"start":{"line":26,"column":0},"end":{"line":26,"column":57}},"26":{"start":{"line":27,"column":0},"end":{"line":27,"column":2}},"31":{"start":{"line":32,"column":0},"end":{"line":32,"column":29}},"35":{"start":{"line":36,"column":0},"end":{"line":36,"column":18}},"36":{"start":{"line":37,"column":0},"end":{"line":37,"column":16}},"37":{"start":{"line":38,"column":0},"end":{"line":38,"column":53}},"38":{"start":{"line":39,"column":0},"end":{"line":39,"column":46}},"39":{"start":{"line":40,"column":0},"end":{"line":40,"column":43}},"41":{"start":{"line":42,"column":0},"end":{"line":42,"column":23}},"42":{"start":{"line":43,"column":0},"end":{"line":43,"column":29}},"43":{"start":{"line":44,"column":0},"end":{"line":44,"column":3}},"45":{"start":{"line":46,"column":0},"end":{"line":46,"column":37}},"46":{"start":{"line":47,"column":0},"end":{"line":47,"column":2}},"51":{"start":{"line":52,"column":0},"end":{"line":52,"column":93}},"52":{"start":{"line":53,"column":0},"end":{"line":53,"column":18}},"53":{"start":{"line":54,"column":0},"end":{"line":54,"column":15}},"54":{"start":{"line":55,"column":0},"end":{"line":55,"column":30}},"55":{"start":{"line":56,"column":0},"end":{"line":56,"column":31}},"56":{"start":{"line":57,"column":0},"end":{"line":57,"column":2}}},"s":{"0":0,"11":0,"12":0,"13":0,"14":0,"15":0,"17":0,"18":0,"19":0,"21":0,"22":0,"23":0,"25":0,"26":0,"31":0,"35":0,"36":0,"37":0,"38":0,"39":0,"41":0,"42":0,"43":0,"45":0,"46":0,"51":0,"52":0,"53":0,"54":0,"55":0,"56":0},"branchMap":{"0":{"type":"branch","line":1,"loc":{"start":{"line":1,"column":1489},"end":{"line":57,"column":2}},"locations":[{"start":{"line":1,"column":1489},"end":{"line":57,"column":2}}]}},"b":{"0":[0]},"fnMap":{"0":{"name":"(empty-report)","decl":{"start":{"line":1,"column":1489},"end":{"line":57,"column":2}},"loc":{"start":{"line":1,"column":1489},"end":{"line":57,"column":2}},"line":1}},"f":{"0":0}}
}
